app/build/intermediates/manifest_merge_blame_file/debug/manifest-merger-blame-debug-report.txt
1<?xml version="1.0" encoding="utf-8"?>
2<!--
3    My Notie is a note taking app, write notes and save them to see them and remember later.
4    Copyright (C) 2021  Ioannis Xenakis
5
6    This program is free software: you can redistribute it and/or modify
7    it under the terms of the GNU General Public License as published by
8    the Free Software Foundation, either version 3 of the License, or
9    (at your option) any later version.
10
11    This program is distributed in the hope that it will be useful,
12    but WITHOUT ANY WARRANTY; without even the implied warranty of
13    MERCHANTABILITY or FITNESS FOR A PARTICULAR PURPOSE.  See the
14    GNU General Public License for more details.
15
16    You should have received a copy of the GNU General Public License
17    along with this program.  If not, see <https://www.gnu.org/licenses/>.
18
19    Anything you want to contact me for, contact me with an e-mail, at: Xenakis.i.Contact@gmail.com
20    I'll be happy to help you, or discuss anything with you!
21-->
22<manifest xmlns:android="http://schemas.android.com/apk/res/android"
23    package="com.code_that_up.john_xenakis.my_notie"
24    android:versionCode="2"
25    android:versionName="1.0.0-beta" >
26
27    <uses-sdk
28        android:minSdkVersion="16"
29        android:targetSdkVersion="34" />
30
31    <permission
31-->[androidx.core:core:1.12.0] AndroidManifest.xml:22:5-24:47
32        android:name="com.code_that_up.john_xenakis.my_notie.DYNAMIC_RECEIVER_NOT_EXPORTED_PERMISSION"
32-->[androidx.core:core:1.12.0] AndroidManifest.xml:23:9-81
33        android:protectionLevel="signature" />
33-->[androidx.core:core:1.12.0] AndroidManifest.xml:24:9-44
34
35    <uses-permission android:name="com.code_that_up.john_xenakis.my_notie.DYNAMIC_RECEIVER_NOT_EXPORTED_PERMISSION" />
35-->[androidx.core:core:1.12.0] AndroidManifest.xml:26:5-97
35-->[androidx.core:core:1.12.0] AndroidManifest.xml:26:22-94
36
37    <application
37-->src\main\AndroidManifest.xml:25:5-67:19
38        android:allowBackup="true"
38-->src\main\AndroidManifest.xml:26:9-35
39        android:appComponentFactory="androidx.core.app.CoreComponentFactory"
39-->[androidx.core:core:1.12.0] AndroidManifest.xml:28:18-86
40        android:dataExtractionRules="@xml/data_extraction_rules"
40-->src\main\AndroidManifest.xml:28:9-65
41        android:debuggable="true"
42        android:extractNativeLibs="true"
43        android:fullBackupContent="@xml/full_backup_content_rules"
43-->src\main\AndroidManifest.xml:27:9-67
44        android:icon="@mipmap/ic_launcher"
44-->src\main\AndroidManifest.xml:29:9-43
45        android:label="@string/app_name"
45-->src\main\AndroidManifest.xml:30:9-41
46        android:roundIcon="@mipmap/ic_launcher_round"
46-->src\main\AndroidManifest.xml:31:9-54
47        android:supportsRtl="true"
47-->src\main\AndroidManifest.xml:32:9-35
48        android:testOnly="true"
49        android:theme="@style/AppTheme" >
49-->src\main\AndroidManifest.xml:33:9-40
50
51        <!-- The AddToFoldersActivity is responsible for adding a note to the existing listed folders. -->
52        <activity
52-->src\main\AndroidManifest.xml:37:9-40:67
53            android:name="com.code_that_up.john_xenakis.my_notie.AddToFoldersActivity"
53-->src\main\AndroidManifest.xml:38:13-49
54            android:exported="true"
54-->src\main\AndroidManifest.xml:39:13-36
55            android:windowSoftInputMode="stateHidden|adjustPan" />
55-->src\main\AndroidManifest.xml:40:13-64
56
57        <!-- The AddOrManageFoldersActivity is responsible for managing folders(Creating/deleting folders). -->
58        <activity
58-->src\main\AndroidManifest.xml:43:9-46:67
59            android:name="com.code_that_up.john_xenakis.my_notie.AddOrManageFoldersActivity"
59-->src\main\AndroidManifest.xml:44:13-55
60            android:exported="true"
60-->src\main\AndroidManifest.xml:45:13-36
61            android:windowSoftInputMode="stateHidden|adjustPan" />
61-->src\main\AndroidManifest.xml:46:13-64
62
63        <!-- The EditNoteActivity is responsible for editing new/existing note. -->
64        <activity
64-->src\main\AndroidManifest.xml:49:9-52:20
65            android:name="com.code_that_up.john_xenakis.my_notie.EditNoteActivity"
65-->src\main\AndroidManifest.xml:50:13-45
66            android:windowSoftInputMode="stateHidden|adjustPan" >
66-->src\main\AndroidManifest.xml:51:13-64
67        </activity>
68
69        <!-- The MainNotesActivity with the Main Note List layout (activity_my_notes.xml) -->
70        <activity
70-->src\main\AndroidManifest.xml:55:9-66:20
71            android:name="com.code_that_up.john_xenakis.my_notie.MyNotesActivity"
71-->src\main\AndroidManifest.xml:56:13-44
72            android:exported="true"
72-->src\main\AndroidManifest.xml:57:13-36
73            android:theme="@style/AppTheme"
73-->src\main\AndroidManifest.xml:58:13-44
74            android:windowSoftInputMode="stateHidden|adjustPan" >
74-->src\main\AndroidManifest.xml:59:13-64
75            <intent-filter>
75-->src\main\AndroidManifest.xml:60:13-65:29
76                <action android:name="android.intent.action.MAIN" />
76-->src\main\AndroidManifest.xml:61:17-69
76-->src\main\AndroidManifest.xml:61:25-66
77
78                <!-- The LAUNCHER category is when the app is launched, the first activity that is launched first is this. -->
79                <category android:name="android.intent.category.LAUNCHER" />
79-->src\main\AndroidManifest.xml:64:17-77
79-->src\main\AndroidManifest.xml:64:27-74
80            </intent-filter>
81        </activity>
82
83        <provider
83-->[androidx.emoji2:emoji2:1.2.0] AndroidManifest.xml:24:9-32:20
84            android:name="androidx.startup.InitializationProvider"
84-->[androidx.emoji2:emoji2:1.2.0] AndroidManifest.xml:25:13-67
85            android:authorities="com.code_that_up.john_xenakis.my_notie.androidx-startup"
85-->[androidx.emoji2:emoji2:1.2.0] AndroidManifest.xml:26:13-68
86            android:exported="false" >
86-->[androidx.emoji2:emoji2:1.2.0] AndroidManifest.xml:27:13-37
87            <meta-data
87-->[androidx.emoji2:emoji2:1.2.0] AndroidManifest.xml:29:13-31:52
88                android:name="androidx.emoji2.text.EmojiCompatInitializer"
88-->[androidx.emoji2:emoji2:1.2.0] AndroidManifest.xml:30:17-75
89                android:value="androidx.startup" />
89-->[androidx.emoji2:emoji2:1.2.0] AndroidManifest.xml:31:17-49
90            <meta-data
90-->[androidx.lifecycle:lifecycle-process:2.6.1] AndroidManifest.xml:29:13-31:52
91                android:name="androidx.lifecycle.ProcessLifecycleInitializer"
91-->[androidx.lifecycle:lifecycle-process:2.6.1] AndroidManifest.xml:30:17-78
92                android:value="androidx.startup" />
92-->[androidx.lifecycle:lifecycle-process:2.6.1] AndroidManifest.xml:31:17-49
93            <meta-data
93-->[androidx.profileinstaller:profileinstaller:1.3.0] AndroidManifest.xml:29:13-31:52
94                android:name="androidx.profileinstaller.ProfileInstallerInitializer"
94-->[androidx.profileinstaller:profileinstaller:1.3.0] AndroidManifest.xml:30:17-85
95                android:value="androidx.startup" />
95-->[androidx.profileinstaller:profileinstaller:1.3.0] AndroidManifest.xml:31:17-49
96        </provider>
97
98        <receiver
98-->[androidx.profileinstaller:profileinstaller:1.3.0] AndroidManifest.xml:34:9-52:20
99            android:name="androidx.profileinstaller.ProfileInstallReceiver"
99-->[androidx.profileinstaller:profileinstaller:1.3.0] AndroidManifest.xml:35:13-76
100            android:directBootAware="false"
100-->[androidx.profileinstaller:profileinstaller:1.3.0] AndroidManifest.xml:36:13-44
101            android:enabled="true"
101-->[androidx.profileinstaller:profileinstaller:1.3.0] AndroidManifest.xml:37:13-35
102            android:exported="true"
102-->[androidx.profileinstaller:profileinstaller:1.3.0] AndroidManifest.xml:38:13-36
103            android:permission="android.permission.DUMP" >
103-->[androidx.profileinstaller:profileinstaller:1.3.0] AndroidManifest.xml:39:13-57
104            <intent-filter>
104-->[androidx.profileinstaller:profileinstaller:1.3.0] AndroidManifest.xml:40:13-42:29
105                <action android:name="androidx.profileinstaller.action.INSTALL_PROFILE" />
105-->[androidx.profileinstaller:profileinstaller:1.3.0] AndroidManifest.xml:41:17-91
105-->[androidx.profileinstaller:profileinstaller:1.3.0] AndroidManifest.xml:41:25-88
106            </intent-filter>
107            <intent-filter>
107-->[androidx.profileinstaller:profileinstaller:1.3.0] AndroidManifest.xml:43:13-45:29
108                <action android:name="androidx.profileinstaller.action.SKIP_FILE" />
108-->[androidx.profileinstaller:profileinstaller:1.3.0] AndroidManifest.xml:44:17-85
108-->[androidx.profileinstaller:profileinstaller:1.3.0] AndroidManifest.xml:44:25-82
109            </intent-filter>
110            <intent-filter>
110-->[androidx.profileinstaller:profileinstaller:1.3.0] AndroidManifest.xml:46:13-48:29
111                <action android:name="androidx.profileinstaller.action.SAVE_PROFILE" />
111-->[androidx.profileinstaller:profileinstaller:1.3.0] AndroidManifest.xml:47:17-88
111-->[androidx.profileinstaller:profileinstaller:1.3.0] AndroidManifest.xml:47:25-85
112            </intent-filter>
113            <intent-filter>
113-->[androidx.profileinstaller:profileinstaller:1.3.0] AndroidManifest.xml:49:13-51:29
114                <action android:name="androidx.profileinstaller.action.BENCHMARK_OPERATION" />
114-->[androidx.profileinstaller:profileinstaller:1.3.0] AndroidManifest.xml:50:17-95
114-->[androidx.profileinstaller:profileinstaller:1.3.0] AndroidManifest.xml:50:25-92
115            </intent-filter>
116        </receiver>
117
118        <service
118-->[androidx.room:room-runtime:2.6.0] AndroidManifest.xml:24:9-28:63
119            android:name="androidx.room.MultiInstanceInvalidationService"
119-->[androidx.room:room-runtime:2.6.0] AndroidManifest.xml:25:13-74
120            android:directBootAware="true"
120-->[androidx.room:room-runtime:2.6.0] AndroidManifest.xml:26:13-43
121            android:exported="false" />
121-->[androidx.room:room-runtime:2.6.0] AndroidManifest.xml:27:13-37
122    </application>
123
124</manifest>